<?xml version="1.0" encoding="UTF-8"?>
<coverage generated="1536764552293" clover="3.2.0">
  <project timestamp="1536764552293" name="All files">
    <metrics statements="59" coveredstatements="50" conditionals="10" coveredconditionals="5" methods="18" coveredmethods="14" elements="87" coveredelements="69" complexity="0" loc="59" ncloc="59" packages="1" files="7" classes="7">
      <file name="Tab.js" path="C:\1.Front-end\my-project\9.Test\2.jest\src\Tab.js">
        <metrics statements="16" coveredstatements="16" conditionals="2" coveredconditionals="2" methods="5" coveredmethods="5"/>
        <line num="3" count="1" type="stmt"/>
        <line num="4" count="1" type="stmt"/>
        <line num="5" count="1" type="stmt"/>
        <line num="8" count="1" type="stmt"/>
        <line num="9" count="1" type="stmt"/>
        <line num="10" count="1" type="stmt"/>
        <line num="13" count="2" type="stmt"/>
        <line num="14" count="4" type="cond" truecount="2" falsecount="0"/>
        <line num="15" count="2" type="stmt"/>
        <line num="16" count="2" type="stmt"/>
        <line num="18" count="2" type="stmt"/>
        <line num="19" count="2" type="stmt"/>
        <line num="24" count="1" type="stmt"/>
        <line num="25" count="2" type="stmt"/>
        <line num="26" count="1" type="stmt"/>
        <line num="31" count="1" type="stmt"/>
      </file>
      <file name="ajax.js" path="C:\1.Front-end\my-project\9.Test\2.jest\src\ajax.js">
        <metrics statements="9" coveredstatements="8" conditionals="4" coveredconditionals="1" methods="2" coveredmethods="2"/>
        <line num="2" count="1" type="stmt"/>
        <line num="3" count="1" type="stmt"/>
        <line num="4" count="1" type="stmt"/>
        <line num="5" count="1" type="cond" truecount="1" falsecount="1"/>
        <line num="6" count="1" type="stmt"/>
        <line num="7" count="1" type="stmt"/>
        <line num="8" count="0" type="cond" truecount="0" falsecount="2"/>
        <line num="11" count="1" type="stmt"/>
        <line num="13" count="1" type="stmt"/>
      </file>
      <file name="calc.js" path="C:\1.Front-end\my-project\9.Test\2.jest\src\calc.js">
        <metrics statements="7" coveredstatements="5" conditionals="2" coveredconditionals="2" methods="2" coveredmethods="1"/>
        <line num="2" count="0" type="stmt"/>
        <line num="5" count="2" type="cond" truecount="2" falsecount="0"/>
        <line num="6" count="1" type="stmt"/>
        <line num="7" count="0" type="stmt"/>
        <line num="9" count="1" type="stmt"/>
        <line num="11" count="1" type="stmt"/>
        <line num="12" count="1" type="stmt"/>
      </file>
      <file name="dom.js" path="C:\1.Front-end\my-project\9.Test\2.jest\src\dom.js">
        <metrics statements="4" coveredstatements="3" conditionals="0" coveredconditionals="0" methods="2" coveredmethods="1"/>
        <line num="2" count="0" type="stmt"/>
        <line num="6" count="1" type="stmt"/>
        <line num="8" count="1" type="stmt"/>
        <line num="9" count="1" type="stmt"/>
      </file>
      <file name="forEach.js" path="C:\1.Front-end\my-project\9.Test\2.jest\src\forEach.js">
        <metrics statements="3" coveredstatements="3" conditionals="0" coveredconditionals="0" methods="1" coveredmethods="1"/>
        <line num="2" count="1" type="stmt"/>
        <line num="3" count="3" type="stmt"/>
        <line num="6" count="1" type="stmt"/>
      </file>
      <file name="getUsers.js" path="C:\1.Front-end\my-project\9.Test\2.jest\src\getUsers.js">
        <metrics statements="8" coveredstatements="3" conditionals="2" coveredconditionals="0" methods="3" coveredmethods="1"/>
        <line num="1" count="1" type="stmt"/>
        <line num="3" count="1" type="stmt"/>
        <line num="4" count="0" type="cond" truecount="0" falsecount="2"/>
        <line num="5" count="0" type="stmt"/>
        <line num="6" count="0" type="stmt"/>
        <line num="7" count="0" type="stmt"/>
        <line num="8" count="0" type="stmt"/>
        <line num="12" count="1" type="stmt"/>
      </file>
      <file name="qs.js" path="C:\1.Front-end\my-project\9.Test\2.jest\src\qs.js">
        <metrics statements="12" coveredstatements="12" conditionals="0" coveredconditionals="0" methods="3" coveredmethods="3"/>
        <line num="3" count="2" type="stmt"/>
        <line num="4" count="2" type="stmt"/>
        <line num="5" count="2" type="stmt"/>
        <line num="6" count="3" type="stmt"/>
        <line num="7" count="3" type="stmt"/>
        <line num="9" count="2" type="stmt"/>
        <line num="14" count="2" type="stmt"/>
        <line num="15" count="2" type="stmt"/>
        <line num="16" count="3" type="stmt"/>
        <line num="18" count="2" type="stmt"/>
        <line num="21" count="1" type="stmt"/>
        <line num="22" count="1" type="stmt"/>
      </file>
    </metrics>
  </project>
</coverage>
