TN:
SF:C:\1.Front-end\my-project\9.Test\2.jest\src\Tab.js
FN:2,(anonymous_0)
FN:12,(anonymous_1)
FN:13,(anonymous_2)
FN:23,(anonymous_3)
FN:25,(anonymous_4)
FNF:5
FNH:5
FNDA:1,(anonymous_0)
FNDA:2,(anonymous_1)
FNDA:4,(anonymous_2)
FNDA:1,(anonymous_3)
FNDA:1,(anonymous_4)
DA:3,1
DA:4,1
DA:5,1
DA:8,1
DA:9,1
DA:10,1
DA:13,2
DA:14,4
DA:15,2
DA:16,2
DA:18,2
DA:19,2
DA:24,1
DA:25,2
DA:26,1
DA:31,1
LF:16
LH:16
BRDA:14,0,0,2
BRDA:14,0,1,2
BRF:2
BRH:2
end_of_record
TN:
SF:C:\1.Front-end\my-project\9.Test\2.jest\src\ajax.js
FN:1,ajax
FN:4,(anonymous_1)
FNF:2
FNH:2
FNDA:1,ajax
FNDA:1,(anonymous_1)
DA:2,1
DA:3,1
DA:4,1
DA:5,1
DA:6,1
DA:7,1
DA:8,0
DA:11,1
DA:13,1
LF:9
LH:8
BRDA:5,0,0,1
BRDA:5,0,1,0
BRDA:8,1,0,0
BRDA:8,1,1,0
BRF:4
BRH:1
end_of_record
TN:
SF:C:\1.Front-end\my-project\9.Test\2.jest\src\calc.js
FN:1,add
FN:4,divide
FNF:2
FNH:1
FNDA:0,add
FNDA:2,divide
DA:2,0
DA:5,2
DA:6,1
DA:7,0
DA:9,1
DA:11,1
DA:12,1
LF:7
LH:5
BRDA:5,0,0,1
BRDA:5,0,1,1
BRF:2
BRH:2
end_of_record
TN:
SF:C:\1.Front-end\my-project\9.Test\2.jest\src\dom.js
FN:1,remove
FN:5,on
FNF:2
FNH:1
FNDA:0,remove
FNDA:1,on
DA:2,0
DA:6,1
DA:8,1
DA:9,1
LF:4
LH:3
BRF:0
BRH:0
end_of_record
TN:
SF:C:\1.Front-end\my-project\9.Test\2.jest\src\forEach.js
FN:1,forEach
FNF:1
FNH:1
FNDA:1,forEach
DA:2,1
DA:3,3
DA:6,1
LF:3
LH:3
BRF:0
BRH:0
end_of_record
TN:
SF:C:\1.Front-end\my-project\9.Test\2.jest\src\getUsers.js
FN:2,getUsers
FN:3,(anonymous_1)
FN:6,(anonymous_2)
FNF:3
FNH:1
FNDA:1,getUsers
FNDA:0,(anonymous_1)
FNDA:0,(anonymous_2)
DA:1,1
DA:3,1
DA:4,0
DA:5,0
DA:6,0
DA:7,0
DA:8,0
DA:12,1
LF:8
LH:3
BRDA:4,0,0,0
BRDA:4,0,1,0
BRF:2
BRH:0
end_of_record
TN:
SF:C:\1.Front-end\my-project\9.Test\2.jest\src\qs.js
FN:2,parse
FN:5,(anonymous_1)
FN:13,stringify
FNF:3
FNH:3
FNDA:2,parse
FNDA:3,(anonymous_1)
FNDA:2,stringify
DA:3,2
DA:4,2
DA:5,2
DA:6,3
DA:7,3
DA:9,2
DA:14,2
DA:15,2
DA:16,3
DA:18,2
DA:21,1
DA:22,1
LF:12
LH:12
BRF:0
BRH:0
end_of_record
